<?xml version="1.0" encoding="UTF-8"?>
<!-- Generated by org.testng.reporters.JUnitReportReporter -->
<testsuite hostname="DESKTOP-40N8UKJ" failures="0" tests="6" name="testcases.OnboardNodesTest" time="40.469" errors="0" timestamp="2025-02-01T16:13:23 IST" skipped="0">
  <testcase classname="testcases.OnboardNodesTest" name="testOnboardNodeWithInvalidIP" time="5.163"/>
  <testcase classname="testcases.OnboardNodesTest" name="testSuccessfulOnboardNode" time="8.292"/>
  <testcase classname="testcases.OnboardNodesTest" name="testSuccessfulDuplicateOnboardNode" time="8.068"/>
  <testcase classname="testcases.OnboardNodesTest" name="testOnboardNodeWithInvalidNodeID" time="5.453"/>
  <testcase classname="testcases.OnboardNodesTest" name="testOnboardNodeWithoutNodeAndIP" time="4.845"/>
  <testcase classname="testcases.OnboardNodesTest" name="testSuccessfulMultipleOnboardNode" time="8.648"/>
</testsuite> <!-- testcases.OnboardNodesTest -->
