<?xml version="1.0" encoding="UTF-8"?>
<!-- Generated by org.testng.reporters.JUnitReportReporter -->
<testsuite hostname="DESKTOP-40N8UKJ" failures="0" tests="4" name="testcases.SignInTest" time="13.344" errors="0" timestamp="2025-02-01T16:13:23 IST" skipped="0">
  <testcase classname="testcases.SignInTest" name="testSignInWithUnregisteredEmail" time="3.856"/>
  <testcase classname="testcases.SignInTest" name="testSignInWithIncorrectdPassword" time="3.915"/>
  <testcase classname="testcases.SignInTest" name="testSuccessfulSignIn" time="2.929"/>
  <testcase classname="testcases.SignInTest" name="testSignInWithInvalidEmailFormat" time="2.644"/>
</testsuite> <!-- testcases.SignInTest -->
