<?xml version="1.0" encoding="UTF-8"?>
<!-- Generated by org.testng.reporters.JUnitReportReporter -->
<testsuite hostname="DESKTOP-40N8UKJ" failures="0" tests="5" name="testcases.SignUpTest" time="14.869" errors="0" timestamp="2025-02-01T16:13:23 IST" skipped="0">
  <testcase classname="testcases.SignUpTest" name="testSignUpWithInvalidEmailPattern" time="2.742"/>
  <testcase classname="testcases.SignUpTest" name="testSignUpWithInvalidPassword" time="2.727"/>
  <testcase classname="testcases.SignUpTest" name="testSignUpWithAlreadyRegisteredEmail" time="4.039"/>
  <testcase classname="testcases.SignUpTest" name="testSignUpWithoutEmailAndPassword" time="2.263"/>
  <testcase classname="testcases.SignUpTest" name="testSuccessfulSignUp" time="3.098"/>
</testsuite> <!-- testcases.SignUpTest -->
