<?xml version="1.0" encoding="UTF-8"?>
<!-- Generated by org.testng.reporters.JUnitReportReporter -->
<testsuite hostname="DESKTOP-40N8UKJ" failures="0" tests="1" name="testcases.SignOutTest" time="4.791" errors="0" timestamp="2025-02-01T16:13:23 IST" skipped="0">
  <testcase classname="testcases.SignOutTest" name="testSuccessfulSignOut" time="4.791"/>
</testsuite> <!-- testcases.SignOutTest -->
