<?xml version="1.0" encoding="UTF-8"?>
<!-- Generated by org.testng.reporters.JUnitReportReporter -->
<testsuite hostname="DESKTOP-40N8UKJ" failures="0" tests="4" name="testcases.ChildNetworkTest" time="24.692" errors="0" timestamp="2025-02-01T16:13:23 IST" skipped="0">
  <testcase classname="testcases.ChildNetworkTest" name="testChildNetworkWithInvalidWalletAddress" time="6.214"/>
  <testcase classname="testcases.ChildNetworkTest" name="testSuccessfulChildNetwork" time="6.415"/>
  <testcase classname="testcases.ChildNetworkTest" name="testChildNetworkWithInvalidNodeID" time="7.087"/>
  <testcase classname="testcases.ChildNetworkTest" name="testChildNetworkWithoutNetworkName" time="4.976"/>
</testsuite> <!-- testcases.ChildNetworkTest -->
