<?xml version="1.0" encoding="UTF-8"?>
<!-- Generated by org.testng.reporters.JUnitReportReporter -->
<testsuite hostname="DESKTOP-40N8UKJ" failures="0" tests="3" name="com.StandAloneTest2" time="30.294" errors="0" timestamp="2024-10-22T12:08:03 IST" skipped="0">
  <testcase classname="com.StandAloneTest2" name="StandAloneTest" time="11.374"/>
  <testcase classname="com.StandAloneTest2" name="OrderHistoryTest" time="4.330"/>
  <testcase classname="com.StandAloneTest2" name="StandAloneTest" time="14.590"/>
</testsuite> <!-- com.StandAloneTest2 -->
