<?xml version="1.0" encoding="UTF-8"?>
<!-- Generated by org.testng.reporters.JUnitReportReporter -->
<testsuite hostname="DESKTOP-40N8UKJ" failures="0" tests="1" name="cucumber.TestNGTestRunner" time="7.947" errors="0" timestamp="2024-10-24T13:10:34 IST" skipped="0">
  <testcase classname="cucumber.TestNGTestRunner" name="runScenario" time="7.947"/>
</testsuite> <!-- cucumber.TestNGTestRunner -->
