<?xml version="1.0" encoding="UTF-8"?>
<!-- Generated by org.testng.reporters.JUnitReportReporter -->
<testsuite hostname="DESKTOP-40N8UKJ" failures="0" tests="1" name="testcases.SignOutTest" time="4.611" errors="0" timestamp="2025-02-01T15:36:51 IST" skipped="0">
  <testcase classname="testcases.SignOutTest" name="testSuccessfulSignOut" time="4.611"/>
</testsuite> <!-- testcases.SignOutTest -->
