<?xml version="1.0" encoding="UTF-8"?>
<!-- Generated by org.testng.reporters.JUnitReportReporter -->
<testsuite hostname="DESKTOP-40N8UKJ" failures="0" tests="6" name="testcases.OnboardNodesTest" time="38.582" errors="0" timestamp="2025-02-01T15:36:51 IST" skipped="0">
  <testcase classname="testcases.OnboardNodesTest" name="testSuccessfulOnboardNode" time="6.975"/>
  <testcase classname="testcases.OnboardNodesTest" name="testOnboardNodeWithInvalidIP" time="5.163"/>
  <testcase classname="testcases.OnboardNodesTest" name="testOnboardNodeWithoutNodeAndIP" time="4.926"/>
  <testcase classname="testcases.OnboardNodesTest" name="testSuccessfulMultipleOnboardNode" time="8.431"/>
  <testcase classname="testcases.OnboardNodesTest" name="testOnboardNodeWithInvalidNodeID" time="5.204"/>
  <testcase classname="testcases.OnboardNodesTest" name="testSuccessfulDuplicateOnboardNode" time="7.883"/>
</testsuite> <!-- testcases.OnboardNodesTest -->
