<?xml version="1.0" encoding="UTF-8"?>
<!-- Generated by org.testng.reporters.JUnitReportReporter -->
<testsuite hostname="DESKTOP-40N8UKJ" failures="0" tests="4" name="testcases.ChildNetworkTest" time="21.666" errors="0" timestamp="2025-02-01T15:36:51 IST" skipped="0">
  <testcase classname="testcases.ChildNetworkTest" name="testChildNetworkWithInvalidNodeID" time="5.517"/>
  <testcase classname="testcases.ChildNetworkTest" name="testChildNetworkWithoutNetworkName" time="4.933"/>
  <testcase classname="testcases.ChildNetworkTest" name="testSuccessfulChildNetwork" time="6.302"/>
  <testcase classname="testcases.ChildNetworkTest" name="testChildNetworkWithInvalidWalletAddress" time="4.914"/>
</testsuite> <!-- testcases.ChildNetworkTest -->
