<?xml version="1.0" encoding="UTF-8"?>
<!-- Generated by org.testng.reporters.JUnitReportReporter -->
<testsuite hostname="DESKTOP-40N8UKJ" failures="0" tests="5" name="testcases.SignUpTest" time="14.768" errors="0" timestamp="2025-02-01T15:36:51 IST" skipped="0">
  <testcase classname="testcases.SignUpTest" name="testSignUpWithInvalidPassword" time="3.313"/>
  <testcase classname="testcases.SignUpTest" name="testSuccessfulSignUp" time="2.762"/>
  <testcase classname="testcases.SignUpTest" name="testSignUpWithAlreadyRegisteredEmail" time="3.822"/>
  <testcase classname="testcases.SignUpTest" name="testSignUpWithoutEmailAndPassword" time="2.187"/>
  <testcase classname="testcases.SignUpTest" name="testSignUpWithInvalidEmailPattern" time="2.684"/>
</testsuite> <!-- testcases.SignUpTest -->
