<?xml version="1.0" encoding="UTF-8"?>
<!-- Generated by org.testng.reporters.JUnitReportReporter -->
<testsuite hostname="DESKTOP-40N8UKJ" failures="0" tests="4" name="testcases.SignInTest" time="13.519" errors="0" timestamp="2025-02-01T15:36:51 IST" skipped="0">
  <testcase classname="testcases.SignInTest" name="testSignInWithInvalidEmailFormat" time="2.688"/>
  <testcase classname="testcases.SignInTest" name="testSignInWithUnregisteredEmail" time="3.928"/>
  <testcase classname="testcases.SignInTest" name="testSignInWithIncorrectdPassword" time="4.036"/>
  <testcase classname="testcases.SignInTest" name="testSuccessfulSignIn" time="2.867"/>
</testsuite> <!-- testcases.SignInTest -->
