<?xml version="1.0" encoding="UTF-8"?>
<!-- Generated by org.testng.reporters.JUnitReportReporter -->
<testsuite hostname="DESKTOP-40N8UKJ" failures="0" tests="1" name="com.ErrorValidation" time="4.432" errors="0" timestamp="2024-10-20T17:08:37 IST" skipped="0">
  <testcase classname="com.ErrorValidation" name="LoginErrorValidation" time="4.432"/>
</testsuite> <!-- com.ErrorValidation -->
